   0  $accept : programa $end

   1  programa : T_PROGRAM T_ID T_SEMICOLON corpo T_DOT
   2           | error T_ID T_SEMICOLON corpo T_DOT
   3           | T_PROGRAM error T_SEMICOLON corpo T_DOT
   4           | T_PROGRAM T_ID error corpo T_DOT
   5           | T_PROGRAM T_ID T_SEMICOLON error T_DOT
   6           | T_PROGRAM T_ID T_SEMICOLON corpo error
   7           | error

   8  corpo : dc T_BEGIN comandos T_END
   9        | error T_BEGIN comandos T_END
  10        | dc error comandos T_END
  11        | dc T_BEGIN error T_END
  12        | dc T_BEGIN comandos error
  13        | error

  14  dc : dc_c dc_v dc_p
  15     | error dc_v dc_p
  16     | dc_c error dc_p
  17     | dc_c dc_v error

  18  dc_c : T_CONST T_ID numero T_SEMICOLON dc_c
  19       | error T_ID numero T_SEMICOLON dc_c
  20       | T_CONST error numero T_SEMICOLON dc_c
  21       | T_CONST T_ID error T_SEMICOLON dc_c
  22       | T_CONST T_ID numero error dc_c
  23       | T_CONST T_ID numero T_SEMICOLON error
  24       | error
  25       |

  26  dc_v : T_VAR variaveis T_COLON tipo_var T_SEMICOLON dc_v
  27       | error variaveis T_COLON tipo_var T_SEMICOLON dc_v
  28       | T_VAR error T_COLON tipo_var T_SEMICOLON dc_v
  29       | T_VAR variaveis error tipo_var T_SEMICOLON dc_v
  30       | T_VAR variaveis T_COLON error T_SEMICOLON dc_v
  31       | T_VAR variaveis T_COLON tipo_var error dc_v
  32       | T_VAR variaveis T_COLON tipo_var T_SEMICOLON error
  33       | error
  34       |

  35  tipo_var : T_REAL
  36           | T_INTEGER
  37           | error

  38  variaveis : T_ID mais_var

  39  mais_var : T_COMMA variaveis
  40           | error variaveis
  41           | T_COMMA error
  42           | error

  43  dc_p : T_PROCEDURE T_ID parametros T_SEMICOLON corpo_p dc_p
  44       | error T_ID parametros T_SEMICOLON corpo_p dc_p
  45       | T_PROCEDURE error parametros T_SEMICOLON corpo_p dc_p
  46       | T_PROCEDURE T_ID error T_SEMICOLON corpo_p dc_p
  47       | T_PROCEDURE T_ID parametros error corpo_p dc_p
  48       | T_PROCEDURE T_ID parametros T_SEMICOLON error dc_p
  49       | T_PROCEDURE T_ID parametros T_SEMICOLON corpo_p error
  50       | error

  51  parametros : T_L_PAREN lista_par T_R_PAREN
  52             | error lista_par T_R_PAREN
  53             | T_L_PAREN error T_R_PAREN
  54             | T_L_PAREN lista_par error
  55             | error

  56  lista_par : variaveis T_COLON tipo_var mais_par
  57            | error T_COLON tipo_var mais_par
  58            | variaveis error tipo_var mais_par
  59            | variaveis T_COLON error mais_par
  60            | variaveis T_COLON tipo_var error
  61            | error

  62  mais_par : T_SEMICOLON lista_par
  63           | error lista_par
  64           | error

  65  corpo_p : dc_v T_BEGIN comandos T_END T_SEMICOLON
  66          | error T_BEGIN comandos T_END T_SEMICOLON
  67          | dc_v error comandos T_END T_SEMICOLON
  68          | dc_v T_BEGIN error T_END T_SEMICOLON
  69          | dc_v T_BEGIN comandos error T_SEMICOLON
  70          | dc_v T_BEGIN comandos T_END error
  71          | error

  72  lista_arg : T_L_PAREN argumentos T_R_PAREN
  73            | error argumentos T_R_PAREN
  74            | T_L_PAREN error T_R_PAREN
  75            | T_L_PAREN argumentos error
  76            | error

  77  argumentos : T_ID mais_ident
  78             | error mais_ident
  79             | T_ID error
  80             | error

  81  mais_ident : T_SEMICOLON argumentos
  82             | error argumentos
  83             | error

  84  pfalsa : T_ELSE cmd
  85         | error cmd
  86         | T_ELSE error
  87         | error

  88  comandos : cmd T_SEMICOLON comandos
  89           | error T_SEMICOLON comandos
  90           | cmd error comandos
  91           | cmd T_SEMICOLON error
  92           | error

  93  cmd : T_READ T_L_PAREN variaveis T_R_PAREN
  94      | T_WRITE T_L_PAREN variaveis T_R_PAREN
  95      | T_WHILE T_L_PAREN condicao T_R_PAREN T_DO cmd
  96      | T_IF condicao T_THEN cmd pfalsa
  97      | T_ID T_ASSIGN expressao
  98      | T_ID lista_arg
  99      | T_BEGIN comandos T_END
 100      | error

 101  condicao : expressao relacao expressao
 102           | error relacao expressao
 103           | expressao error expressao
 104           | expressao relacao error
 105           | error

 106  relacao : T_EQUAL
 107          | T_DIFF
 108          | T_GREATER_EQ
 109          | T_LESSER_EQ
 110          | T_GREATER
 111          | T_LESSER

 112  expressao : termo outros_termos
 113            | error outros_termos
 114            | termo error
 115            | error

 116  op_un : T_PLUS
 117        | T_MINUS

 118  outros_termos : op_ad termo outros_termos
 119                | error termo outros_termos
 120                | op_ad error outros_termos
 121                | op_ad termo error
 122                | error

 123  op_ad : T_PLUS
 124        | T_MINUS

 125  termo : op_un fator mais_fatores
 126        | error fator mais_fatores
 127        | op_un error mais_fatores
 128        | op_un fator error
 129        | error

 130  mais_fatores : op_mul fator mais_fatores
 131               | error

 132  op_mul : T_TIMES
 133         | T_DIVISION
 134         | error

 135  fator : T_ID
 136        | numero
 137        | T_L_PAREN expressao T_R_PAREN

 138  numero : T_INUMBER
 139         | T_RNUMBER
 140         | error

state 0
	$accept : . programa $end  (0)

	error  shift 1
	T_PROGRAM  shift 2
	.  error

	programa  goto 3


state 1
	programa : error . T_ID T_SEMICOLON corpo T_DOT  (2)
	programa : error .  (7)

	T_ID  shift 4
	$end  reduce 7


state 2
	programa : T_PROGRAM . T_ID T_SEMICOLON corpo T_DOT  (1)
	programa : T_PROGRAM . error T_SEMICOLON corpo T_DOT  (3)
	programa : T_PROGRAM . T_ID error corpo T_DOT  (4)
	programa : T_PROGRAM . T_ID T_SEMICOLON error T_DOT  (5)
	programa : T_PROGRAM . T_ID T_SEMICOLON corpo error  (6)

	error  shift 5
	T_ID  shift 6
	.  error


state 3
	$accept : programa . $end  (0)

	$end  accept


state 4
	programa : error T_ID . T_SEMICOLON corpo T_DOT  (2)

	T_SEMICOLON  shift 7
	.  error


state 5
	programa : T_PROGRAM error . T_SEMICOLON corpo T_DOT  (3)

	T_SEMICOLON  shift 8
	.  error


state 6
	programa : T_PROGRAM T_ID . T_SEMICOLON corpo T_DOT  (1)
	programa : T_PROGRAM T_ID . error corpo T_DOT  (4)
	programa : T_PROGRAM T_ID . T_SEMICOLON error T_DOT  (5)
	programa : T_PROGRAM T_ID . T_SEMICOLON corpo error  (6)

	error  shift 9
	T_SEMICOLON  shift 10
	.  error


7: shift/reduce conflict (shift 11, reduce 25) on error
state 7
	programa : error T_ID T_SEMICOLON . corpo T_DOT  (2)
	dc_c : .  (25)

	error  shift 11
	T_CONST  shift 12
	T_VAR  reduce 25
	T_PROCEDURE  reduce 25

	corpo  goto 13
	dc  goto 14
	dc_c  goto 15


8: shift/reduce conflict (shift 11, reduce 25) on error
state 8
	programa : T_PROGRAM error T_SEMICOLON . corpo T_DOT  (3)
	dc_c : .  (25)

	error  shift 11
	T_CONST  shift 12
	T_VAR  reduce 25
	T_PROCEDURE  reduce 25

	corpo  goto 16
	dc  goto 14
	dc_c  goto 15


9: shift/reduce conflict (shift 11, reduce 25) on error
state 9
	programa : T_PROGRAM T_ID error . corpo T_DOT  (4)
	dc_c : .  (25)

	error  shift 11
	T_CONST  shift 12
	T_VAR  reduce 25
	T_PROCEDURE  reduce 25

	corpo  goto 17
	dc  goto 14
	dc_c  goto 15


10: shift/reduce conflict (shift 18, reduce 25) on error
state 10
	programa : T_PROGRAM T_ID T_SEMICOLON . corpo T_DOT  (1)
	programa : T_PROGRAM T_ID T_SEMICOLON . error T_DOT  (5)
	programa : T_PROGRAM T_ID T_SEMICOLON . corpo error  (6)
	dc_c : .  (25)

	error  shift 18
	T_CONST  shift 12
	T_VAR  reduce 25
	T_PROCEDURE  reduce 25

	corpo  goto 19
	dc  goto 14
	dc_c  goto 15


11: shift/reduce conflict (shift 20, reduce 24) on error
11: shift/reduce conflict (shift 20, reduce 34) on error
11: shift/reduce conflict (shift 22, reduce 24) on T_VAR
11: reduce/reduce conflict (reduce 24, reduce 34) on T_PROCEDURE
state 11
	corpo : error . T_BEGIN comandos T_END  (9)
	corpo : error .  (13)
	dc : error . dc_v dc_p  (15)
	dc_c : error . T_ID numero T_SEMICOLON dc_c  (19)
	dc_c : error .  (24)
	dc_v : .  (34)

	error  shift 20
	T_BEGIN  shift 21
	T_VAR  shift 22
	T_ID  shift 23
	T_PROCEDURE  reduce 24
	T_DOT  reduce 13

	dc_v  goto 24


state 12
	dc_c : T_CONST . T_ID numero T_SEMICOLON dc_c  (18)
	dc_c : T_CONST . error numero T_SEMICOLON dc_c  (20)
	dc_c : T_CONST . T_ID error T_SEMICOLON dc_c  (21)
	dc_c : T_CONST . T_ID numero error dc_c  (22)
	dc_c : T_CONST . T_ID numero T_SEMICOLON error  (23)

	error  shift 25
	T_ID  shift 26
	.  error


state 13
	programa : error T_ID T_SEMICOLON corpo . T_DOT  (2)

	T_DOT  shift 27
	.  error


state 14
	corpo : dc . T_BEGIN comandos T_END  (8)
	corpo : dc . error comandos T_END  (10)
	corpo : dc . T_BEGIN error T_END  (11)
	corpo : dc . T_BEGIN comandos error  (12)

	error  shift 28
	T_BEGIN  shift 29
	.  error


15: shift/reduce conflict (shift 30, reduce 34) on error
state 15
	dc : dc_c . dc_v dc_p  (14)
	dc : dc_c . error dc_p  (16)
	dc : dc_c . dc_v error  (17)
	dc_v : .  (34)

	error  shift 30
	T_VAR  shift 22
	T_PROCEDURE  reduce 34

	dc_v  goto 31


state 16
	programa : T_PROGRAM error T_SEMICOLON corpo . T_DOT  (3)

	T_DOT  shift 32
	.  error


state 17
	programa : T_PROGRAM T_ID error corpo . T_DOT  (4)

	T_DOT  shift 33
	.  error


18: shift/reduce conflict (shift 20, reduce 13) on error
18: shift/reduce conflict (shift 20, reduce 24) on error
18: shift/reduce conflict (shift 20, reduce 34) on error
18: shift/reduce conflict (shift 22, reduce 24) on T_VAR
18: reduce/reduce conflict (reduce 24, reduce 34) on T_PROCEDURE
18: shift/reduce conflict (shift 34, reduce 13) on T_DOT
state 18
	programa : T_PROGRAM T_ID T_SEMICOLON error . T_DOT  (5)
	corpo : error . T_BEGIN comandos T_END  (9)
	corpo : error .  (13)
	dc : error . dc_v dc_p  (15)
	dc_c : error . T_ID numero T_SEMICOLON dc_c  (19)
	dc_c : error .  (24)
	dc_v : .  (34)

	error  shift 20
	T_BEGIN  shift 21
	T_VAR  shift 22
	T_DOT  shift 34
	T_ID  shift 23
	T_PROCEDURE  reduce 24

	dc_v  goto 24


state 19
	programa : T_PROGRAM T_ID T_SEMICOLON corpo . T_DOT  (1)
	programa : T_PROGRAM T_ID T_SEMICOLON corpo . error  (6)

	error  shift 35
	T_DOT  shift 36
	.  error


state 20
	dc_v : error . variaveis T_COLON tipo_var T_SEMICOLON dc_v  (27)
	dc_v : error .  (33)

	T_ID  shift 37
	error  reduce 33
	T_BEGIN  reduce 33
	T_PROCEDURE  reduce 33

	variaveis  goto 38


state 21
	corpo : error T_BEGIN . comandos T_END  (9)

	error  shift 39
	T_BEGIN  shift 40
	T_READ  shift 41
	T_WRITE  shift 42
	T_WHILE  shift 43
	T_IF  shift 44
	T_ID  shift 45
	.  error

	comandos  goto 46
	cmd  goto 47


state 22
	dc_v : T_VAR . variaveis T_COLON tipo_var T_SEMICOLON dc_v  (26)
	dc_v : T_VAR . error T_COLON tipo_var T_SEMICOLON dc_v  (28)
	dc_v : T_VAR . variaveis error tipo_var T_SEMICOLON dc_v  (29)
	dc_v : T_VAR . variaveis T_COLON error T_SEMICOLON dc_v  (30)
	dc_v : T_VAR . variaveis T_COLON tipo_var error dc_v  (31)
	dc_v : T_VAR . variaveis T_COLON tipo_var T_SEMICOLON error  (32)

	error  shift 48
	T_ID  shift 37
	.  error

	variaveis  goto 49


state 23
	dc_c : error T_ID . numero T_SEMICOLON dc_c  (19)

	error  shift 50
	T_INUMBER  shift 51
	T_RNUMBER  shift 52
	.  error

	numero  goto 53


state 24
	dc : error dc_v . dc_p  (15)

	error  shift 54
	T_PROCEDURE  shift 55
	.  error

	dc_p  goto 56


state 25
	dc_c : T_CONST error . numero T_SEMICOLON dc_c  (20)

	error  shift 50
	T_INUMBER  shift 51
	T_RNUMBER  shift 52
	.  error

	numero  goto 57


state 26
	dc_c : T_CONST T_ID . numero T_SEMICOLON dc_c  (18)
	dc_c : T_CONST T_ID . error T_SEMICOLON dc_c  (21)
	dc_c : T_CONST T_ID . numero error dc_c  (22)
	dc_c : T_CONST T_ID . numero T_SEMICOLON error  (23)

	error  shift 58
	T_INUMBER  shift 51
	T_RNUMBER  shift 52
	.  error

	numero  goto 59


state 27
	programa : error T_ID T_SEMICOLON corpo T_DOT .  (2)

	.  reduce 2


state 28
	corpo : dc error . comandos T_END  (10)

	error  shift 39
	T_BEGIN  shift 40
	T_READ  shift 41
	T_WRITE  shift 42
	T_WHILE  shift 43
	T_IF  shift 44
	T_ID  shift 45
	.  error

	comandos  goto 60
	cmd  goto 47


state 29
	corpo : dc T_BEGIN . comandos T_END  (8)
	corpo : dc T_BEGIN . error T_END  (11)
	corpo : dc T_BEGIN . comandos error  (12)

	error  shift 61
	T_BEGIN  shift 40
	T_READ  shift 41
	T_WRITE  shift 42
	T_WHILE  shift 43
	T_IF  shift 44
	T_ID  shift 45
	.  error

	comandos  goto 62
	cmd  goto 47


30: shift/reduce conflict (shift 54, reduce 33) on error
30: shift/reduce conflict (shift 55, reduce 33) on T_PROCEDURE
state 30
	dc : dc_c error . dc_p  (16)
	dc_v : error . variaveis T_COLON tipo_var T_SEMICOLON dc_v  (27)
	dc_v : error .  (33)

	error  shift 54
	T_PROCEDURE  shift 55
	T_ID  shift 37

	dc_p  goto 63
	variaveis  goto 38


state 31
	dc : dc_c dc_v . dc_p  (14)
	dc : dc_c dc_v . error  (17)

	error  shift 64
	T_PROCEDURE  shift 55
	.  error

	dc_p  goto 65


state 32
	programa : T_PROGRAM error T_SEMICOLON corpo T_DOT .  (3)

	.  reduce 3


state 33
	programa : T_PROGRAM T_ID error corpo T_DOT .  (4)

	.  reduce 4


state 34
	programa : T_PROGRAM T_ID T_SEMICOLON error T_DOT .  (5)

	.  reduce 5


state 35
	programa : T_PROGRAM T_ID T_SEMICOLON corpo error .  (6)

	.  reduce 6


state 36
	programa : T_PROGRAM T_ID T_SEMICOLON corpo T_DOT .  (1)

	.  reduce 1


state 37
	variaveis : T_ID . mais_var  (38)

	error  shift 66
	T_COMMA  shift 67
	.  error

	mais_var  goto 68


state 38
	dc_v : error variaveis . T_COLON tipo_var T_SEMICOLON dc_v  (27)

	T_COLON  shift 69
	.  error


39: reduce/reduce conflict (reduce 92, reduce 100) on error
39: shift/reduce conflict (shift 70, reduce 100) on T_SEMICOLON
state 39
	comandos : error . T_SEMICOLON comandos  (89)
	comandos : error .  (92)
	cmd : error .  (100)

	T_SEMICOLON  shift 70
	error  reduce 92
	T_END  reduce 92


state 40
	cmd : T_BEGIN . comandos T_END  (99)

	error  shift 39
	T_BEGIN  shift 40
	T_READ  shift 41
	T_WRITE  shift 42
	T_WHILE  shift 43
	T_IF  shift 44
	T_ID  shift 45
	.  error

	comandos  goto 71
	cmd  goto 47


state 41
	cmd : T_READ . T_L_PAREN variaveis T_R_PAREN  (93)

	T_L_PAREN  shift 72
	.  error


state 42
	cmd : T_WRITE . T_L_PAREN variaveis T_R_PAREN  (94)

	T_L_PAREN  shift 73
	.  error


state 43
	cmd : T_WHILE . T_L_PAREN condicao T_R_PAREN T_DO cmd  (95)

	T_L_PAREN  shift 74
	.  error


state 44
	cmd : T_IF . condicao T_THEN cmd pfalsa  (96)

	error  shift 75
	T_PLUS  shift 76
	T_MINUS  shift 77
	.  error

	condicao  goto 78
	expressao  goto 79
	termo  goto 80
	op_un  goto 81


state 45
	cmd : T_ID . T_ASSIGN expressao  (97)
	cmd : T_ID . lista_arg  (98)

	error  shift 82
	T_ASSIGN  shift 83
	T_L_PAREN  shift 84
	.  error

	lista_arg  goto 85


state 46
	corpo : error T_BEGIN comandos . T_END  (9)

	T_END  shift 86
	.  error


state 47
	comandos : cmd . T_SEMICOLON comandos  (88)
	comandos : cmd . error comandos  (90)
	comandos : cmd . T_SEMICOLON error  (91)

	error  shift 87
	T_SEMICOLON  shift 88
	.  error


state 48
	dc_v : T_VAR error . T_COLON tipo_var T_SEMICOLON dc_v  (28)

	T_COLON  shift 89
	.  error


state 49
	dc_v : T_VAR variaveis . T_COLON tipo_var T_SEMICOLON dc_v  (26)
	dc_v : T_VAR variaveis . error tipo_var T_SEMICOLON dc_v  (29)
	dc_v : T_VAR variaveis . T_COLON error T_SEMICOLON dc_v  (30)
	dc_v : T_VAR variaveis . T_COLON tipo_var error dc_v  (31)
	dc_v : T_VAR variaveis . T_COLON tipo_var T_SEMICOLON error  (32)

	error  shift 90
	T_COLON  shift 91
	.  error


state 50
	numero : error .  (140)

	.  reduce 140


state 51
	numero : T_INUMBER .  (138)

	.  reduce 138


state 52
	numero : T_RNUMBER .  (139)

	.  reduce 139


state 53
	dc_c : error T_ID numero . T_SEMICOLON dc_c  (19)

	T_SEMICOLON  shift 92
	.  error


state 54
	dc_p : error . T_ID parametros T_SEMICOLON corpo_p dc_p  (44)
	dc_p : error .  (50)

	T_ID  shift 93
	error  reduce 50
	T_BEGIN  reduce 50


state 55
	dc_p : T_PROCEDURE . T_ID parametros T_SEMICOLON corpo_p dc_p  (43)
	dc_p : T_PROCEDURE . error parametros T_SEMICOLON corpo_p dc_p  (45)
	dc_p : T_PROCEDURE . T_ID error T_SEMICOLON corpo_p dc_p  (46)
	dc_p : T_PROCEDURE . T_ID parametros error corpo_p dc_p  (47)
	dc_p : T_PROCEDURE . T_ID parametros T_SEMICOLON error dc_p  (48)
	dc_p : T_PROCEDURE . T_ID parametros T_SEMICOLON corpo_p error  (49)

	error  shift 94
	T_ID  shift 95
	.  error


state 56
	dc : error dc_v dc_p .  (15)

	.  reduce 15


state 57
	dc_c : T_CONST error numero . T_SEMICOLON dc_c  (20)

	T_SEMICOLON  shift 96
	.  error


58: shift/reduce conflict (shift 97, reduce 140) on T_SEMICOLON
state 58
	dc_c : T_CONST T_ID error . T_SEMICOLON dc_c  (21)
	numero : error .  (140)

	T_SEMICOLON  shift 97
	error  reduce 140


state 59
	dc_c : T_CONST T_ID numero . T_SEMICOLON dc_c  (18)
	dc_c : T_CONST T_ID numero . error dc_c  (22)
	dc_c : T_CONST T_ID numero . T_SEMICOLON error  (23)

	error  shift 98
	T_SEMICOLON  shift 99
	.  error


state 60
	corpo : dc error comandos . T_END  (10)

	T_END  shift 100
	.  error


61: reduce/reduce conflict (reduce 92, reduce 100) on error
61: shift/reduce conflict (shift 101, reduce 92) on T_END
61: shift/reduce conflict (shift 70, reduce 100) on T_SEMICOLON
state 61
	corpo : dc T_BEGIN error . T_END  (11)
	comandos : error . T_SEMICOLON comandos  (89)
	comandos : error .  (92)
	cmd : error .  (100)

	T_END  shift 101
	T_SEMICOLON  shift 70
	error  reduce 92


state 62
	corpo : dc T_BEGIN comandos . T_END  (8)
	corpo : dc T_BEGIN comandos . error  (12)

	error  shift 102
	T_END  shift 103
	.  error


state 63
	dc : dc_c error dc_p .  (16)

	.  reduce 16


64: reduce/reduce conflict (reduce 17, reduce 50) on error
64: reduce/reduce conflict (reduce 17, reduce 50) on T_BEGIN
state 64
	dc : dc_c dc_v error .  (17)
	dc_p : error . T_ID parametros T_SEMICOLON corpo_p dc_p  (44)
	dc_p : error .  (50)

	T_ID  shift 93
	error  reduce 17
	T_BEGIN  reduce 17


state 65
	dc : dc_c dc_v dc_p .  (14)

	.  reduce 14


state 66
	mais_var : error . variaveis  (40)
	mais_var : error .  (42)

	T_ID  shift 37
	error  reduce 42
	T_COLON  reduce 42
	T_R_PAREN  reduce 42

	variaveis  goto 104


state 67
	mais_var : T_COMMA . variaveis  (39)
	mais_var : T_COMMA . error  (41)

	error  shift 105
	T_ID  shift 37
	.  error

	variaveis  goto 106


state 68
	variaveis : T_ID mais_var .  (38)

	.  reduce 38


state 69
	dc_v : error variaveis T_COLON . tipo_var T_SEMICOLON dc_v  (27)

	error  shift 107
	T_REAL  shift 108
	T_INTEGER  shift 109
	.  error

	tipo_var  goto 110


state 70
	comandos : error T_SEMICOLON . comandos  (89)

	error  shift 39
	T_BEGIN  shift 40
	T_READ  shift 41
	T_WRITE  shift 42
	T_WHILE  shift 43
	T_IF  shift 44
	T_ID  shift 45
	.  error

	comandos  goto 111
	cmd  goto 47


state 71
	cmd : T_BEGIN comandos . T_END  (99)

	T_END  shift 112
	.  error


state 72
	cmd : T_READ T_L_PAREN . variaveis T_R_PAREN  (93)

	T_ID  shift 37
	.  error

	variaveis  goto 113


state 73
	cmd : T_WRITE T_L_PAREN . variaveis T_R_PAREN  (94)

	T_ID  shift 37
	.  error

	variaveis  goto 114


state 74
	cmd : T_WHILE T_L_PAREN . condicao T_R_PAREN T_DO cmd  (95)

	error  shift 75
	T_PLUS  shift 76
	T_MINUS  shift 77
	.  error

	condicao  goto 115
	expressao  goto 79
	termo  goto 80
	op_un  goto 81


75: shift/reduce conflict (shift 116, reduce 115) on error
75: shift/reduce conflict (shift 116, reduce 129) on error
75: shift/reduce conflict (shift 117, reduce 115) on T_EQUAL
75: shift/reduce conflict (shift 118, reduce 115) on T_DIFF
75: shift/reduce conflict (shift 119, reduce 115) on T_GREATER_EQ
75: shift/reduce conflict (shift 120, reduce 115) on T_LESSER_EQ
75: shift/reduce conflict (shift 121, reduce 115) on T_GREATER
75: shift/reduce conflict (shift 122, reduce 115) on T_LESSER
75: shift/reduce conflict (shift 123, reduce 129) on T_PLUS
75: shift/reduce conflict (shift 124, reduce 129) on T_MINUS
state 75
	condicao : error . relacao expressao  (102)
	condicao : error .  (105)
	expressao : error . outros_termos  (113)
	expressao : error .  (115)
	termo : error . fator mais_fatores  (126)
	termo : error .  (129)

	error  shift 116
	T_EQUAL  shift 117
	T_DIFF  shift 118
	T_GREATER_EQ  shift 119
	T_LESSER_EQ  shift 120
	T_GREATER  shift 121
	T_LESSER  shift 122
	T_PLUS  shift 123
	T_MINUS  shift 124
	T_L_PAREN  shift 125
	T_ID  shift 126
	T_INUMBER  shift 51
	T_RNUMBER  shift 52
	T_THEN  reduce 105
	T_R_PAREN  reduce 105

	numero  goto 127
	relacao  goto 128
	outros_termos  goto 129
	op_ad  goto 130
	fator  goto 131


state 76
	op_un : T_PLUS .  (116)

	.  reduce 116


state 77
	op_un : T_MINUS .  (117)

	.  reduce 117


state 78
	cmd : T_IF condicao . T_THEN cmd pfalsa  (96)

	T_THEN  shift 132
	.  error


state 79
	condicao : expressao . relacao expressao  (101)
	condicao : expressao . error expressao  (103)
	condicao : expressao . relacao error  (104)

	error  shift 133
	T_EQUAL  shift 117
	T_DIFF  shift 118
	T_GREATER_EQ  shift 119
	T_LESSER_EQ  shift 120
	T_GREATER  shift 121
	T_LESSER  shift 122
	.  error

	relacao  goto 134


state 80
	expressao : termo . outros_termos  (112)
	expressao : termo . error  (114)

	error  shift 135
	T_PLUS  shift 123
	T_MINUS  shift 124
	.  error

	outros_termos  goto 136
	op_ad  goto 130


state 81
	termo : op_un . fator mais_fatores  (125)
	termo : op_un . error mais_fatores  (127)
	termo : op_un . fator error  (128)

	error  shift 137
	T_L_PAREN  shift 125
	T_ID  shift 126
	T_INUMBER  shift 51
	T_RNUMBER  shift 52
	.  error

	numero  goto 127
	fator  goto 138


82: shift/reduce conflict (shift 139, reduce 76) on error
state 82
	lista_arg : error . argumentos T_R_PAREN  (73)
	lista_arg : error .  (76)

	error  shift 139
	T_ID  shift 140
	T_ELSE  reduce 76
	T_SEMICOLON  reduce 76

	argumentos  goto 141


state 83
	cmd : T_ID T_ASSIGN . expressao  (97)

	error  shift 142
	T_PLUS  shift 76
	T_MINUS  shift 77
	.  error

	expressao  goto 143
	termo  goto 80
	op_un  goto 81


state 84
	lista_arg : T_L_PAREN . argumentos T_R_PAREN  (72)
	lista_arg : T_L_PAREN . error T_R_PAREN  (74)
	lista_arg : T_L_PAREN . argumentos error  (75)

	error  shift 144
	T_ID  shift 140
	.  error

	argumentos  goto 145


state 85
	cmd : T_ID lista_arg .  (98)

	.  reduce 98


state 86
	corpo : error T_BEGIN comandos T_END .  (9)

	.  reduce 9


state 87
	comandos : cmd error . comandos  (90)

	error  shift 39
	T_BEGIN  shift 40
	T_READ  shift 41
	T_WRITE  shift 42
	T_WHILE  shift 43
	T_IF  shift 44
	T_ID  shift 45
	.  error

	comandos  goto 146
	cmd  goto 47


state 88
	comandos : cmd T_SEMICOLON . comandos  (88)
	comandos : cmd T_SEMICOLON . error  (91)

	error  shift 147
	T_BEGIN  shift 40
	T_READ  shift 41
	T_WRITE  shift 42
	T_WHILE  shift 43
	T_IF  shift 44
	T_ID  shift 45
	.  error

	comandos  goto 148
	cmd  goto 47


state 89
	dc_v : T_VAR error T_COLON . tipo_var T_SEMICOLON dc_v  (28)

	error  shift 107
	T_REAL  shift 108
	T_INTEGER  shift 109
	.  error

	tipo_var  goto 149


state 90
	dc_v : T_VAR variaveis error . tipo_var T_SEMICOLON dc_v  (29)

	error  shift 107
	T_REAL  shift 108
	T_INTEGER  shift 109
	.  error

	tipo_var  goto 150


state 91
	dc_v : T_VAR variaveis T_COLON . tipo_var T_SEMICOLON dc_v  (26)
	dc_v : T_VAR variaveis T_COLON . error T_SEMICOLON dc_v  (30)
	dc_v : T_VAR variaveis T_COLON . tipo_var error dc_v  (31)
	dc_v : T_VAR variaveis T_COLON . tipo_var T_SEMICOLON error  (32)

	error  shift 151
	T_REAL  shift 108
	T_INTEGER  shift 109
	.  error

	tipo_var  goto 152


92: shift/reduce conflict (shift 153, reduce 25) on error
state 92
	dc_c : error T_ID numero T_SEMICOLON . dc_c  (19)
	dc_c : .  (25)

	error  shift 153
	T_CONST  shift 12
	T_VAR  reduce 25
	T_PROCEDURE  reduce 25

	dc_c  goto 154


state 93
	dc_p : error T_ID . parametros T_SEMICOLON corpo_p dc_p  (44)

	error  shift 155
	T_L_PAREN  shift 156
	.  error

	parametros  goto 157


state 94
	dc_p : T_PROCEDURE error . parametros T_SEMICOLON corpo_p dc_p  (45)

	error  shift 155
	T_L_PAREN  shift 156
	.  error

	parametros  goto 158


state 95
	dc_p : T_PROCEDURE T_ID . parametros T_SEMICOLON corpo_p dc_p  (43)
	dc_p : T_PROCEDURE T_ID . error T_SEMICOLON corpo_p dc_p  (46)
	dc_p : T_PROCEDURE T_ID . parametros error corpo_p dc_p  (47)
	dc_p : T_PROCEDURE T_ID . parametros T_SEMICOLON error dc_p  (48)
	dc_p : T_PROCEDURE T_ID . parametros T_SEMICOLON corpo_p error  (49)

	error  shift 159
	T_L_PAREN  shift 156
	.  error

	parametros  goto 160


96: shift/reduce conflict (shift 153, reduce 25) on error
state 96
	dc_c : T_CONST error numero T_SEMICOLON . dc_c  (20)
	dc_c : .  (25)

	error  shift 153
	T_CONST  shift 12
	T_VAR  reduce 25
	T_PROCEDURE  reduce 25

	dc_c  goto 161


97: shift/reduce conflict (shift 153, reduce 25) on error
state 97
	dc_c : T_CONST T_ID error T_SEMICOLON . dc_c  (21)
	dc_c : .  (25)

	error  shift 153
	T_CONST  shift 12
	T_VAR  reduce 25
	T_PROCEDURE  reduce 25

	dc_c  goto 162


98: shift/reduce conflict (shift 153, reduce 25) on error
state 98
	dc_c : T_CONST T_ID numero error . dc_c  (22)
	dc_c : .  (25)

	error  shift 153
	T_CONST  shift 12
	T_VAR  reduce 25
	T_PROCEDURE  reduce 25

	dc_c  goto 163


99: shift/reduce conflict (shift 164, reduce 25) on error
state 99
	dc_c : T_CONST T_ID numero T_SEMICOLON . dc_c  (18)
	dc_c : T_CONST T_ID numero T_SEMICOLON . error  (23)
	dc_c : .  (25)

	error  shift 164
	T_CONST  shift 12
	T_VAR  reduce 25
	T_PROCEDURE  reduce 25

	dc_c  goto 165


state 100
	corpo : dc error comandos T_END .  (10)

	.  reduce 10


state 101
	corpo : dc T_BEGIN error T_END .  (11)

	.  reduce 11


state 102
	corpo : dc T_BEGIN comandos error .  (12)

	.  reduce 12


state 103
	corpo : dc T_BEGIN comandos T_END .  (8)

	.  reduce 8


state 104
	mais_var : error variaveis .  (40)

	.  reduce 40


state 105
	mais_var : T_COMMA error .  (41)

	.  reduce 41


state 106
	mais_var : T_COMMA variaveis .  (39)

	.  reduce 39


state 107
	tipo_var : error .  (37)

	.  reduce 37


state 108
	tipo_var : T_REAL .  (35)

	.  reduce 35


state 109
	tipo_var : T_INTEGER .  (36)

	.  reduce 36


state 110
	dc_v : error variaveis T_COLON tipo_var . T_SEMICOLON dc_v  (27)

	T_SEMICOLON  shift 166
	.  error


state 111
	comandos : error T_SEMICOLON comandos .  (89)

	.  reduce 89


state 112
	cmd : T_BEGIN comandos T_END .  (99)

	.  reduce 99


state 113
	cmd : T_READ T_L_PAREN variaveis . T_R_PAREN  (93)

	T_R_PAREN  shift 167
	.  error


state 114
	cmd : T_WRITE T_L_PAREN variaveis . T_R_PAREN  (94)

	T_R_PAREN  shift 168
	.  error


state 115
	cmd : T_WHILE T_L_PAREN condicao . T_R_PAREN T_DO cmd  (95)

	T_R_PAREN  shift 169
	.  error


116: shift/reduce conflict (shift 170, reduce 122) on error
116: shift/reduce conflict (shift 170, reduce 140) on error
state 116
	outros_termos : error . termo outros_termos  (119)
	outros_termos : error .  (122)
	numero : error .  (140)

	error  shift 170
	T_PLUS  shift 76
	T_MINUS  shift 77
	T_THEN  reduce 122
	T_ELSE  reduce 122
	T_EQUAL  reduce 122
	T_DIFF  reduce 122
	T_GREATER_EQ  reduce 122
	T_LESSER_EQ  reduce 122
	T_GREATER  reduce 122
	T_LESSER  reduce 122
	T_TIMES  reduce 140
	T_DIVISION  reduce 140
	T_SEMICOLON  reduce 122
	T_R_PAREN  reduce 122

	termo  goto 171
	op_un  goto 81


state 117
	relacao : T_EQUAL .  (106)

	.  reduce 106


state 118
	relacao : T_DIFF .  (107)

	.  reduce 107


state 119
	relacao : T_GREATER_EQ .  (108)

	.  reduce 108


state 120
	relacao : T_LESSER_EQ .  (109)

	.  reduce 109


state 121
	relacao : T_GREATER .  (110)

	.  reduce 110


state 122
	relacao : T_LESSER .  (111)

	.  reduce 111


state 123
	op_ad : T_PLUS .  (123)

	.  reduce 123


state 124
	op_ad : T_MINUS .  (124)

	.  reduce 124


state 125
	fator : T_L_PAREN . expressao T_R_PAREN  (137)

	error  shift 142
	T_PLUS  shift 76
	T_MINUS  shift 77
	.  error

	expressao  goto 172
	termo  goto 80
	op_un  goto 81


state 126
	fator : T_ID .  (135)

	.  reduce 135


state 127
	fator : numero .  (136)

	.  reduce 136


state 128
	condicao : error relacao . expressao  (102)

	error  shift 142
	T_PLUS  shift 76
	T_MINUS  shift 77
	.  error

	expressao  goto 173
	termo  goto 80
	op_un  goto 81


state 129
	expressao : error outros_termos .  (113)

	.  reduce 113


state 130
	outros_termos : op_ad . termo outros_termos  (118)
	outros_termos : op_ad . error outros_termos  (120)
	outros_termos : op_ad . termo error  (121)

	error  shift 174
	T_PLUS  shift 76
	T_MINUS  shift 77
	.  error

	termo  goto 175
	op_un  goto 81


state 131
	termo : error fator . mais_fatores  (126)

	error  shift 176
	T_TIMES  shift 177
	T_DIVISION  shift 178
	.  error

	mais_fatores  goto 179
	op_mul  goto 180


state 132
	cmd : T_IF condicao T_THEN . cmd pfalsa  (96)

	error  shift 181
	T_BEGIN  shift 40
	T_READ  shift 41
	T_WRITE  shift 42
	T_WHILE  shift 43
	T_IF  shift 44
	T_ID  shift 45
	.  error

	cmd  goto 182


state 133
	condicao : expressao error . expressao  (103)

	error  shift 142
	T_PLUS  shift 76
	T_MINUS  shift 77
	.  error

	expressao  goto 183
	termo  goto 80
	op_un  goto 81


state 134
	condicao : expressao relacao . expressao  (101)
	condicao : expressao relacao . error  (104)

	error  shift 184
	T_PLUS  shift 76
	T_MINUS  shift 77
	.  error

	expressao  goto 185
	termo  goto 80
	op_un  goto 81


135: shift/reduce conflict (shift 170, reduce 114) on error
135: shift/reduce conflict (shift 170, reduce 122) on error
135: reduce/reduce conflict (reduce 114, reduce 122) on T_THEN
135: reduce/reduce conflict (reduce 114, reduce 122) on T_ELSE
135: reduce/reduce conflict (reduce 114, reduce 122) on T_EQUAL
135: reduce/reduce conflict (reduce 114, reduce 122) on T_DIFF
135: reduce/reduce conflict (reduce 114, reduce 122) on T_GREATER_EQ
135: reduce/reduce conflict (reduce 114, reduce 122) on T_LESSER_EQ
135: reduce/reduce conflict (reduce 114, reduce 122) on T_GREATER
135: reduce/reduce conflict (reduce 114, reduce 122) on T_LESSER
135: reduce/reduce conflict (reduce 114, reduce 122) on T_SEMICOLON
135: reduce/reduce conflict (reduce 114, reduce 122) on T_R_PAREN
state 135
	expressao : termo error .  (114)
	outros_termos : error . termo outros_termos  (119)
	outros_termos : error .  (122)

	error  shift 170
	T_PLUS  shift 76
	T_MINUS  shift 77
	T_THEN  reduce 114
	T_ELSE  reduce 114
	T_EQUAL  reduce 114
	T_DIFF  reduce 114
	T_GREATER_EQ  reduce 114
	T_LESSER_EQ  reduce 114
	T_GREATER  reduce 114
	T_LESSER  reduce 114
	T_SEMICOLON  reduce 114
	T_R_PAREN  reduce 114

	termo  goto 171
	op_un  goto 81


state 136
	expressao : termo outros_termos .  (112)

	.  reduce 112


137: shift/reduce conflict (shift 176, reduce 140) on error
137: shift/reduce conflict (shift 177, reduce 140) on T_TIMES
137: shift/reduce conflict (shift 178, reduce 140) on T_DIVISION
state 137
	termo : op_un error . mais_fatores  (127)
	numero : error .  (140)

	error  shift 176
	T_TIMES  shift 177
	T_DIVISION  shift 178

	mais_fatores  goto 186
	op_mul  goto 180


state 138
	termo : op_un fator . mais_fatores  (125)
	termo : op_un fator . error  (128)

	error  shift 187
	T_TIMES  shift 177
	T_DIVISION  shift 178
	.  error

	mais_fatores  goto 188
	op_mul  goto 180


139: shift/reduce conflict (shift 189, reduce 80) on error
state 139
	argumentos : error . mais_ident  (78)
	argumentos : error .  (80)

	error  shift 189
	T_SEMICOLON  shift 190
	T_R_PAREN  reduce 80

	mais_ident  goto 191


state 140
	argumentos : T_ID . mais_ident  (77)
	argumentos : T_ID . error  (79)

	error  shift 192
	T_SEMICOLON  shift 190
	.  error

	mais_ident  goto 193


state 141
	lista_arg : error argumentos . T_R_PAREN  (73)

	T_R_PAREN  shift 194
	.  error


142: shift/reduce conflict (shift 116, reduce 115) on error
142: shift/reduce conflict (shift 116, reduce 129) on error
142: shift/reduce conflict (shift 123, reduce 129) on T_PLUS
142: shift/reduce conflict (shift 124, reduce 129) on T_MINUS
state 142
	expressao : error . outros_termos  (113)
	expressao : error .  (115)
	termo : error . fator mais_fatores  (126)
	termo : error .  (129)

	error  shift 116
	T_PLUS  shift 123
	T_MINUS  shift 124
	T_L_PAREN  shift 125
	T_ID  shift 126
	T_INUMBER  shift 51
	T_RNUMBER  shift 52
	T_THEN  reduce 115
	T_ELSE  reduce 115
	T_SEMICOLON  reduce 115
	T_R_PAREN  reduce 115

	numero  goto 127
	outros_termos  goto 129
	op_ad  goto 130
	fator  goto 131


state 143
	cmd : T_ID T_ASSIGN expressao .  (97)

	.  reduce 97


144: shift/reduce conflict (shift 189, reduce 80) on error
144: shift/reduce conflict (shift 195, reduce 80) on T_R_PAREN
state 144
	lista_arg : T_L_PAREN error . T_R_PAREN  (74)
	argumentos : error . mais_ident  (78)
	argumentos : error .  (80)

	error  shift 189
	T_SEMICOLON  shift 190
	T_R_PAREN  shift 195

	mais_ident  goto 191


state 145
	lista_arg : T_L_PAREN argumentos . T_R_PAREN  (72)
	lista_arg : T_L_PAREN argumentos . error  (75)

	error  shift 196
	T_R_PAREN  shift 197
	.  error


state 146
	comandos : cmd error comandos .  (90)

	.  reduce 90


147: reduce/reduce conflict (reduce 91, reduce 92) on error
147: reduce/reduce conflict (reduce 91, reduce 100) on error
147: reduce/reduce conflict (reduce 91, reduce 92) on T_END
147: shift/reduce conflict (shift 70, reduce 100) on T_SEMICOLON
state 147
	comandos : error . T_SEMICOLON comandos  (89)
	comandos : cmd T_SEMICOLON error .  (91)
	comandos : error .  (92)
	cmd : error .  (100)

	T_SEMICOLON  shift 70
	error  reduce 91
	T_END  reduce 91


state 148
	comandos : cmd T_SEMICOLON comandos .  (88)

	.  reduce 88


state 149
	dc_v : T_VAR error T_COLON tipo_var . T_SEMICOLON dc_v  (28)

	T_SEMICOLON  shift 198
	.  error


state 150
	dc_v : T_VAR variaveis error tipo_var . T_SEMICOLON dc_v  (29)

	T_SEMICOLON  shift 199
	.  error


151: shift/reduce conflict (shift 200, reduce 37) on T_SEMICOLON
state 151
	dc_v : T_VAR variaveis T_COLON error . T_SEMICOLON dc_v  (30)
	tipo_var : error .  (37)

	T_SEMICOLON  shift 200
	error  reduce 37


state 152
	dc_v : T_VAR variaveis T_COLON tipo_var . T_SEMICOLON dc_v  (26)
	dc_v : T_VAR variaveis T_COLON tipo_var . error dc_v  (31)
	dc_v : T_VAR variaveis T_COLON tipo_var . T_SEMICOLON error  (32)

	error  shift 201
	T_SEMICOLON  shift 202
	.  error


state 153
	dc_c : error . T_ID numero T_SEMICOLON dc_c  (19)
	dc_c : error .  (24)

	T_ID  shift 23
	error  reduce 24
	T_VAR  reduce 24
	T_PROCEDURE  reduce 24


state 154
	dc_c : error T_ID numero T_SEMICOLON dc_c .  (19)

	.  reduce 19


state 155
	parametros : error . lista_par T_R_PAREN  (52)
	parametros : error .  (55)

	error  shift 203
	T_ID  shift 37
	T_SEMICOLON  reduce 55

	variaveis  goto 204
	lista_par  goto 205


state 156
	parametros : T_L_PAREN . lista_par T_R_PAREN  (51)
	parametros : T_L_PAREN . error T_R_PAREN  (53)
	parametros : T_L_PAREN . lista_par error  (54)

	error  shift 206
	T_ID  shift 37
	.  error

	variaveis  goto 204
	lista_par  goto 207


state 157
	dc_p : error T_ID parametros . T_SEMICOLON corpo_p dc_p  (44)

	T_SEMICOLON  shift 208
	.  error


state 158
	dc_p : T_PROCEDURE error parametros . T_SEMICOLON corpo_p dc_p  (45)

	T_SEMICOLON  shift 209
	.  error


159: shift/reduce conflict (shift 203, reduce 55) on error
159: shift/reduce conflict (shift 210, reduce 55) on T_SEMICOLON
state 159
	dc_p : T_PROCEDURE T_ID error . T_SEMICOLON corpo_p dc_p  (46)
	parametros : error . lista_par T_R_PAREN  (52)
	parametros : error .  (55)

	error  shift 203
	T_SEMICOLON  shift 210
	T_ID  shift 37

	variaveis  goto 204
	lista_par  goto 205


state 160
	dc_p : T_PROCEDURE T_ID parametros . T_SEMICOLON corpo_p dc_p  (43)
	dc_p : T_PROCEDURE T_ID parametros . error corpo_p dc_p  (47)
	dc_p : T_PROCEDURE T_ID parametros . T_SEMICOLON error dc_p  (48)
	dc_p : T_PROCEDURE T_ID parametros . T_SEMICOLON corpo_p error  (49)

	error  shift 211
	T_SEMICOLON  shift 212
	.  error


state 161
	dc_c : T_CONST error numero T_SEMICOLON dc_c .  (20)

	.  reduce 20


state 162
	dc_c : T_CONST T_ID error T_SEMICOLON dc_c .  (21)

	.  reduce 21


state 163
	dc_c : T_CONST T_ID numero error dc_c .  (22)

	.  reduce 22


164: reduce/reduce conflict (reduce 23, reduce 24) on error
164: reduce/reduce conflict (reduce 23, reduce 24) on T_VAR
164: reduce/reduce conflict (reduce 23, reduce 24) on T_PROCEDURE
state 164
	dc_c : error . T_ID numero T_SEMICOLON dc_c  (19)
	dc_c : T_CONST T_ID numero T_SEMICOLON error .  (23)
	dc_c : error .  (24)

	T_ID  shift 23
	error  reduce 23
	T_VAR  reduce 23
	T_PROCEDURE  reduce 23


state 165
	dc_c : T_CONST T_ID numero T_SEMICOLON dc_c .  (18)

	.  reduce 18


166: shift/reduce conflict (shift 20, reduce 34) on error
state 166
	dc_v : error variaveis T_COLON tipo_var T_SEMICOLON . dc_v  (27)
	dc_v : .  (34)

	error  shift 20
	T_VAR  shift 22
	T_BEGIN  reduce 34
	T_PROCEDURE  reduce 34

	dc_v  goto 213


state 167
	cmd : T_READ T_L_PAREN variaveis T_R_PAREN .  (93)

	.  reduce 93


state 168
	cmd : T_WRITE T_L_PAREN variaveis T_R_PAREN .  (94)

	.  reduce 94


state 169
	cmd : T_WHILE T_L_PAREN condicao T_R_PAREN . T_DO cmd  (95)

	T_DO  shift 214
	.  error


170: shift/reduce conflict (shift 50, reduce 129) on error
state 170
	termo : error . fator mais_fatores  (126)
	termo : error .  (129)

	error  shift 50
	T_L_PAREN  shift 125
	T_ID  shift 126
	T_INUMBER  shift 51
	T_RNUMBER  shift 52
	T_PLUS  reduce 129
	T_MINUS  reduce 129

	numero  goto 127
	fator  goto 131


state 171
	outros_termos : error termo . outros_termos  (119)

	error  shift 215
	T_PLUS  shift 123
	T_MINUS  shift 124
	.  error

	outros_termos  goto 216
	op_ad  goto 130


state 172
	fator : T_L_PAREN expressao . T_R_PAREN  (137)

	T_R_PAREN  shift 217
	.  error


state 173
	condicao : error relacao expressao .  (102)

	.  reduce 102


174: shift/reduce conflict (shift 116, reduce 129) on error
174: shift/reduce conflict (shift 123, reduce 129) on T_PLUS
174: shift/reduce conflict (shift 124, reduce 129) on T_MINUS
state 174
	outros_termos : op_ad error . outros_termos  (120)
	termo : error . fator mais_fatores  (126)
	termo : error .  (129)

	error  shift 116
	T_PLUS  shift 123
	T_MINUS  shift 124
	T_L_PAREN  shift 125
	T_ID  shift 126
	T_INUMBER  shift 51
	T_RNUMBER  shift 52

	numero  goto 127
	outros_termos  goto 218
	op_ad  goto 130
	fator  goto 131


state 175
	outros_termos : op_ad termo . outros_termos  (118)
	outros_termos : op_ad termo . error  (121)

	error  shift 219
	T_PLUS  shift 123
	T_MINUS  shift 124
	.  error

	outros_termos  goto 220
	op_ad  goto 130


176: reduce/reduce conflict (reduce 131, reduce 134) on error
state 176
	mais_fatores : error .  (131)
	op_mul : error .  (134)

	error  reduce 131
	T_PLUS  reduce 131
	T_MINUS  reduce 131
	T_L_PAREN  reduce 134
	T_ID  reduce 134
	T_INUMBER  reduce 134
	T_RNUMBER  reduce 134


state 177
	op_mul : T_TIMES .  (132)

	.  reduce 132


state 178
	op_mul : T_DIVISION .  (133)

	.  reduce 133


state 179
	termo : error fator mais_fatores .  (126)

	.  reduce 126


state 180
	mais_fatores : op_mul . fator mais_fatores  (130)

	error  shift 50
	T_L_PAREN  shift 125
	T_ID  shift 126
	T_INUMBER  shift 51
	T_RNUMBER  shift 52
	.  error

	numero  goto 127
	fator  goto 221


state 181
	cmd : error .  (100)

	.  reduce 100


state 182
	cmd : T_IF condicao T_THEN cmd . pfalsa  (96)

	error  shift 222
	T_ELSE  shift 223
	.  error

	pfalsa  goto 224


state 183
	condicao : expressao error expressao .  (103)

	.  reduce 103


184: shift/reduce conflict (shift 116, reduce 129) on error
184: reduce/reduce conflict (reduce 104, reduce 115) on T_THEN
184: shift/reduce conflict (shift 123, reduce 129) on T_PLUS
184: shift/reduce conflict (shift 124, reduce 129) on T_MINUS
184: reduce/reduce conflict (reduce 104, reduce 115) on T_R_PAREN
state 184
	condicao : expressao relacao error .  (104)
	expressao : error . outros_termos  (113)
	expressao : error .  (115)
	termo : error . fator mais_fatores  (126)
	termo : error .  (129)

	error  shift 116
	T_PLUS  shift 123
	T_MINUS  shift 124
	T_L_PAREN  shift 125
	T_ID  shift 126
	T_INUMBER  shift 51
	T_RNUMBER  shift 52
	T_THEN  reduce 104
	T_R_PAREN  reduce 104

	numero  goto 127
	outros_termos  goto 129
	op_ad  goto 130
	fator  goto 131


state 185
	condicao : expressao relacao expressao .  (101)

	.  reduce 101


state 186
	termo : op_un error mais_fatores .  (127)

	.  reduce 127


187: reduce/reduce conflict (reduce 128, reduce 131) on error
187: reduce/reduce conflict (reduce 128, reduce 134) on error
187: reduce/reduce conflict (reduce 128, reduce 131) on T_PLUS
187: reduce/reduce conflict (reduce 128, reduce 131) on T_MINUS
state 187
	termo : op_un fator error .  (128)
	mais_fatores : error .  (131)
	op_mul : error .  (134)

	error  reduce 128
	T_PLUS  reduce 128
	T_MINUS  reduce 128
	T_L_PAREN  reduce 134
	T_ID  reduce 134
	T_INUMBER  reduce 134
	T_RNUMBER  reduce 134


state 188
	termo : op_un fator mais_fatores .  (125)

	.  reduce 125


189: shift/reduce conflict (shift 139, reduce 83) on error
state 189
	mais_ident : error . argumentos  (82)
	mais_ident : error .  (83)

	error  shift 139
	T_ID  shift 140
	T_R_PAREN  reduce 83

	argumentos  goto 225


state 190
	mais_ident : T_SEMICOLON . argumentos  (81)

	error  shift 139
	T_ID  shift 140
	.  error

	argumentos  goto 226


state 191
	argumentos : error mais_ident .  (78)

	.  reduce 78


192: shift/reduce conflict (shift 139, reduce 79) on error
192: shift/reduce conflict (shift 139, reduce 83) on error
192: reduce/reduce conflict (reduce 79, reduce 83) on T_R_PAREN
state 192
	argumentos : T_ID error .  (79)
	mais_ident : error . argumentos  (82)
	mais_ident : error .  (83)

	error  shift 139
	T_ID  shift 140
	T_R_PAREN  reduce 79

	argumentos  goto 225


state 193
	argumentos : T_ID mais_ident .  (77)

	.  reduce 77


state 194
	lista_arg : error argumentos T_R_PAREN .  (73)

	.  reduce 73


state 195
	lista_arg : T_L_PAREN error T_R_PAREN .  (74)

	.  reduce 74


state 196
	lista_arg : T_L_PAREN argumentos error .  (75)

	.  reduce 75


state 197
	lista_arg : T_L_PAREN argumentos T_R_PAREN .  (72)

	.  reduce 72


198: shift/reduce conflict (shift 20, reduce 34) on error
state 198
	dc_v : T_VAR error T_COLON tipo_var T_SEMICOLON . dc_v  (28)
	dc_v : .  (34)

	error  shift 20
	T_VAR  shift 22
	T_BEGIN  reduce 34
	T_PROCEDURE  reduce 34

	dc_v  goto 227


199: shift/reduce conflict (shift 20, reduce 34) on error
state 199
	dc_v : T_VAR variaveis error tipo_var T_SEMICOLON . dc_v  (29)
	dc_v : .  (34)

	error  shift 20
	T_VAR  shift 22
	T_BEGIN  reduce 34
	T_PROCEDURE  reduce 34

	dc_v  goto 228


200: shift/reduce conflict (shift 20, reduce 34) on error
state 200
	dc_v : T_VAR variaveis T_COLON error T_SEMICOLON . dc_v  (30)
	dc_v : .  (34)

	error  shift 20
	T_VAR  shift 22
	T_BEGIN  reduce 34
	T_PROCEDURE  reduce 34

	dc_v  goto 229


201: shift/reduce conflict (shift 20, reduce 34) on error
state 201
	dc_v : T_VAR variaveis T_COLON tipo_var error . dc_v  (31)
	dc_v : .  (34)

	error  shift 20
	T_VAR  shift 22
	T_BEGIN  reduce 34
	T_PROCEDURE  reduce 34

	dc_v  goto 230


202: shift/reduce conflict (shift 231, reduce 34) on error
state 202
	dc_v : T_VAR variaveis T_COLON tipo_var T_SEMICOLON . dc_v  (26)
	dc_v : T_VAR variaveis T_COLON tipo_var T_SEMICOLON . error  (32)
	dc_v : .  (34)

	error  shift 231
	T_VAR  shift 22
	T_BEGIN  reduce 34
	T_PROCEDURE  reduce 34

	dc_v  goto 232


state 203
	lista_par : error . T_COLON tipo_var mais_par  (57)
	lista_par : error .  (61)

	T_COLON  shift 233
	error  reduce 61
	T_R_PAREN  reduce 61


state 204
	lista_par : variaveis . T_COLON tipo_var mais_par  (56)
	lista_par : variaveis . error tipo_var mais_par  (58)
	lista_par : variaveis . T_COLON error mais_par  (59)
	lista_par : variaveis . T_COLON tipo_var error  (60)

	error  shift 234
	T_COLON  shift 235
	.  error


state 205
	parametros : error lista_par . T_R_PAREN  (52)

	T_R_PAREN  shift 236
	.  error


206: shift/reduce conflict (shift 237, reduce 61) on T_R_PAREN
state 206
	parametros : T_L_PAREN error . T_R_PAREN  (53)
	lista_par : error . T_COLON tipo_var mais_par  (57)
	lista_par : error .  (61)

	T_COLON  shift 233
	T_R_PAREN  shift 237
	error  reduce 61


state 207
	parametros : T_L_PAREN lista_par . T_R_PAREN  (51)
	parametros : T_L_PAREN lista_par . error  (54)

	error  shift 238
	T_R_PAREN  shift 239
	.  error


208: shift/reduce conflict (shift 240, reduce 34) on error
state 208
	dc_p : error T_ID parametros T_SEMICOLON . corpo_p dc_p  (44)
	dc_v : .  (34)

	error  shift 240
	T_VAR  shift 22
	T_BEGIN  reduce 34

	dc_v  goto 241
	corpo_p  goto 242


209: shift/reduce conflict (shift 240, reduce 34) on error
state 209
	dc_p : T_PROCEDURE error parametros T_SEMICOLON . corpo_p dc_p  (45)
	dc_v : .  (34)

	error  shift 240
	T_VAR  shift 22
	T_BEGIN  reduce 34

	dc_v  goto 241
	corpo_p  goto 243


210: shift/reduce conflict (shift 240, reduce 34) on error
state 210
	dc_p : T_PROCEDURE T_ID error T_SEMICOLON . corpo_p dc_p  (46)
	dc_v : .  (34)

	error  shift 240
	T_VAR  shift 22
	T_BEGIN  reduce 34

	dc_v  goto 241
	corpo_p  goto 244


211: shift/reduce conflict (shift 240, reduce 34) on error
state 211
	dc_p : T_PROCEDURE T_ID parametros error . corpo_p dc_p  (47)
	dc_v : .  (34)

	error  shift 240
	T_VAR  shift 22
	T_BEGIN  reduce 34

	dc_v  goto 241
	corpo_p  goto 245


212: shift/reduce conflict (shift 246, reduce 34) on error
state 212
	dc_p : T_PROCEDURE T_ID parametros T_SEMICOLON . corpo_p dc_p  (43)
	dc_p : T_PROCEDURE T_ID parametros T_SEMICOLON . error dc_p  (48)
	dc_p : T_PROCEDURE T_ID parametros T_SEMICOLON . corpo_p error  (49)
	dc_v : .  (34)

	error  shift 246
	T_VAR  shift 22
	T_BEGIN  reduce 34

	dc_v  goto 241
	corpo_p  goto 247


state 213
	dc_v : error variaveis T_COLON tipo_var T_SEMICOLON dc_v .  (27)

	.  reduce 27


state 214
	cmd : T_WHILE T_L_PAREN condicao T_R_PAREN T_DO . cmd  (95)

	error  shift 181
	T_BEGIN  shift 40
	T_READ  shift 41
	T_WRITE  shift 42
	T_WHILE  shift 43
	T_IF  shift 44
	T_ID  shift 45
	.  error

	cmd  goto 248


215: shift/reduce conflict (shift 170, reduce 122) on error
state 215
	outros_termos : error . termo outros_termos  (119)
	outros_termos : error .  (122)

	error  shift 170
	T_PLUS  shift 76
	T_MINUS  shift 77
	T_THEN  reduce 122
	T_ELSE  reduce 122
	T_EQUAL  reduce 122
	T_DIFF  reduce 122
	T_GREATER_EQ  reduce 122
	T_LESSER_EQ  reduce 122
	T_GREATER  reduce 122
	T_LESSER  reduce 122
	T_SEMICOLON  reduce 122
	T_R_PAREN  reduce 122

	termo  goto 171
	op_un  goto 81


state 216
	outros_termos : error termo outros_termos .  (119)

	.  reduce 119


state 217
	fator : T_L_PAREN expressao T_R_PAREN .  (137)

	.  reduce 137


state 218
	outros_termos : op_ad error outros_termos .  (120)

	.  reduce 120


219: shift/reduce conflict (shift 170, reduce 121) on error
219: shift/reduce conflict (shift 170, reduce 122) on error
219: reduce/reduce conflict (reduce 121, reduce 122) on T_THEN
219: reduce/reduce conflict (reduce 121, reduce 122) on T_ELSE
219: reduce/reduce conflict (reduce 121, reduce 122) on T_EQUAL
219: reduce/reduce conflict (reduce 121, reduce 122) on T_DIFF
219: reduce/reduce conflict (reduce 121, reduce 122) on T_GREATER_EQ
219: reduce/reduce conflict (reduce 121, reduce 122) on T_LESSER_EQ
219: reduce/reduce conflict (reduce 121, reduce 122) on T_GREATER
219: reduce/reduce conflict (reduce 121, reduce 122) on T_LESSER
219: reduce/reduce conflict (reduce 121, reduce 122) on T_SEMICOLON
219: reduce/reduce conflict (reduce 121, reduce 122) on T_R_PAREN
state 219
	outros_termos : error . termo outros_termos  (119)
	outros_termos : op_ad termo error .  (121)
	outros_termos : error .  (122)

	error  shift 170
	T_PLUS  shift 76
	T_MINUS  shift 77
	T_THEN  reduce 121
	T_ELSE  reduce 121
	T_EQUAL  reduce 121
	T_DIFF  reduce 121
	T_GREATER_EQ  reduce 121
	T_LESSER_EQ  reduce 121
	T_GREATER  reduce 121
	T_LESSER  reduce 121
	T_SEMICOLON  reduce 121
	T_R_PAREN  reduce 121

	termo  goto 171
	op_un  goto 81


state 220
	outros_termos : op_ad termo outros_termos .  (118)

	.  reduce 118


state 221
	mais_fatores : op_mul fator . mais_fatores  (130)

	error  shift 176
	T_TIMES  shift 177
	T_DIVISION  shift 178
	.  error

	mais_fatores  goto 249
	op_mul  goto 180


222: shift/reduce conflict (shift 181, reduce 87) on error
state 222
	pfalsa : error . cmd  (85)
	pfalsa : error .  (87)

	error  shift 181
	T_BEGIN  shift 40
	T_READ  shift 41
	T_WRITE  shift 42
	T_WHILE  shift 43
	T_IF  shift 44
	T_ID  shift 45
	T_ELSE  reduce 87
	T_SEMICOLON  reduce 87

	cmd  goto 250


state 223
	pfalsa : T_ELSE . cmd  (84)
	pfalsa : T_ELSE . error  (86)

	error  shift 251
	T_BEGIN  shift 40
	T_READ  shift 41
	T_WRITE  shift 42
	T_WHILE  shift 43
	T_IF  shift 44
	T_ID  shift 45
	.  error

	cmd  goto 252


state 224
	cmd : T_IF condicao T_THEN cmd pfalsa .  (96)

	.  reduce 96


state 225
	mais_ident : error argumentos .  (82)

	.  reduce 82


state 226
	mais_ident : T_SEMICOLON argumentos .  (81)

	.  reduce 81


state 227
	dc_v : T_VAR error T_COLON tipo_var T_SEMICOLON dc_v .  (28)

	.  reduce 28


state 228
	dc_v : T_VAR variaveis error tipo_var T_SEMICOLON dc_v .  (29)

	.  reduce 29


state 229
	dc_v : T_VAR variaveis T_COLON error T_SEMICOLON dc_v .  (30)

	.  reduce 30


state 230
	dc_v : T_VAR variaveis T_COLON tipo_var error dc_v .  (31)

	.  reduce 31


231: reduce/reduce conflict (reduce 32, reduce 33) on error
231: reduce/reduce conflict (reduce 32, reduce 33) on T_BEGIN
231: reduce/reduce conflict (reduce 32, reduce 33) on T_PROCEDURE
state 231
	dc_v : error . variaveis T_COLON tipo_var T_SEMICOLON dc_v  (27)
	dc_v : T_VAR variaveis T_COLON tipo_var T_SEMICOLON error .  (32)
	dc_v : error .  (33)

	T_ID  shift 37
	error  reduce 32
	T_BEGIN  reduce 32
	T_PROCEDURE  reduce 32

	variaveis  goto 38


state 232
	dc_v : T_VAR variaveis T_COLON tipo_var T_SEMICOLON dc_v .  (26)

	.  reduce 26


state 233
	lista_par : error T_COLON . tipo_var mais_par  (57)

	error  shift 107
	T_REAL  shift 108
	T_INTEGER  shift 109
	.  error

	tipo_var  goto 253


state 234
	lista_par : variaveis error . tipo_var mais_par  (58)

	error  shift 107
	T_REAL  shift 108
	T_INTEGER  shift 109
	.  error

	tipo_var  goto 254


state 235
	lista_par : variaveis T_COLON . tipo_var mais_par  (56)
	lista_par : variaveis T_COLON . error mais_par  (59)
	lista_par : variaveis T_COLON . tipo_var error  (60)

	error  shift 255
	T_REAL  shift 108
	T_INTEGER  shift 109
	.  error

	tipo_var  goto 256


state 236
	parametros : error lista_par T_R_PAREN .  (52)

	.  reduce 52


state 237
	parametros : T_L_PAREN error T_R_PAREN .  (53)

	.  reduce 53


state 238
	parametros : T_L_PAREN lista_par error .  (54)

	.  reduce 54


state 239
	parametros : T_L_PAREN lista_par T_R_PAREN .  (51)

	.  reduce 51


240: reduce/reduce conflict (reduce 33, reduce 71) on error
240: shift/reduce conflict (shift 257, reduce 33) on T_BEGIN
state 240
	dc_v : error . variaveis T_COLON tipo_var T_SEMICOLON dc_v  (27)
	dc_v : error .  (33)
	corpo_p : error . T_BEGIN comandos T_END T_SEMICOLON  (66)
	corpo_p : error .  (71)

	T_BEGIN  shift 257
	T_ID  shift 37
	error  reduce 33
	T_PROCEDURE  reduce 71

	variaveis  goto 38


state 241
	corpo_p : dc_v . T_BEGIN comandos T_END T_SEMICOLON  (65)
	corpo_p : dc_v . error comandos T_END T_SEMICOLON  (67)
	corpo_p : dc_v . T_BEGIN error T_END T_SEMICOLON  (68)
	corpo_p : dc_v . T_BEGIN comandos error T_SEMICOLON  (69)
	corpo_p : dc_v . T_BEGIN comandos T_END error  (70)

	error  shift 258
	T_BEGIN  shift 259
	.  error


state 242
	dc_p : error T_ID parametros T_SEMICOLON corpo_p . dc_p  (44)

	error  shift 54
	T_PROCEDURE  shift 55
	.  error

	dc_p  goto 260


state 243
	dc_p : T_PROCEDURE error parametros T_SEMICOLON corpo_p . dc_p  (45)

	error  shift 54
	T_PROCEDURE  shift 55
	.  error

	dc_p  goto 261


state 244
	dc_p : T_PROCEDURE T_ID error T_SEMICOLON corpo_p . dc_p  (46)

	error  shift 54
	T_PROCEDURE  shift 55
	.  error

	dc_p  goto 262


state 245
	dc_p : T_PROCEDURE T_ID parametros error corpo_p . dc_p  (47)

	error  shift 54
	T_PROCEDURE  shift 55
	.  error

	dc_p  goto 263


246: shift/reduce conflict (shift 54, reduce 33) on error
246: shift/reduce conflict (shift 54, reduce 71) on error
246: shift/reduce conflict (shift 257, reduce 33) on T_BEGIN
246: shift/reduce conflict (shift 55, reduce 71) on T_PROCEDURE
state 246
	dc_v : error . variaveis T_COLON tipo_var T_SEMICOLON dc_v  (27)
	dc_v : error .  (33)
	dc_p : T_PROCEDURE T_ID parametros T_SEMICOLON error . dc_p  (48)
	corpo_p : error . T_BEGIN comandos T_END T_SEMICOLON  (66)
	corpo_p : error .  (71)

	error  shift 54
	T_BEGIN  shift 257
	T_PROCEDURE  shift 55
	T_ID  shift 37

	dc_p  goto 264
	variaveis  goto 38


state 247
	dc_p : T_PROCEDURE T_ID parametros T_SEMICOLON corpo_p . dc_p  (43)
	dc_p : T_PROCEDURE T_ID parametros T_SEMICOLON corpo_p . error  (49)

	error  shift 265
	T_PROCEDURE  shift 55
	.  error

	dc_p  goto 266


state 248
	cmd : T_WHILE T_L_PAREN condicao T_R_PAREN T_DO cmd .  (95)

	.  reduce 95


state 249
	mais_fatores : op_mul fator mais_fatores .  (130)

	.  reduce 130


state 250
	pfalsa : error cmd .  (85)

	.  reduce 85


251: reduce/reduce conflict (reduce 86, reduce 100) on error
251: reduce/reduce conflict (reduce 86, reduce 100) on T_ELSE
251: reduce/reduce conflict (reduce 86, reduce 100) on T_SEMICOLON
state 251
	pfalsa : T_ELSE error .  (86)
	cmd : error .  (100)

	.  reduce 86


state 252
	pfalsa : T_ELSE cmd .  (84)

	.  reduce 84


state 253
	lista_par : error T_COLON tipo_var . mais_par  (57)

	error  shift 267
	T_SEMICOLON  shift 268
	.  error

	mais_par  goto 269


state 254
	lista_par : variaveis error tipo_var . mais_par  (58)

	error  shift 267
	T_SEMICOLON  shift 268
	.  error

	mais_par  goto 270


255: shift/reduce conflict (shift 267, reduce 37) on error
255: shift/reduce conflict (shift 268, reduce 37) on T_SEMICOLON
state 255
	tipo_var : error .  (37)
	lista_par : variaveis T_COLON error . mais_par  (59)

	error  shift 267
	T_SEMICOLON  shift 268

	mais_par  goto 271


state 256
	lista_par : variaveis T_COLON tipo_var . mais_par  (56)
	lista_par : variaveis T_COLON tipo_var . error  (60)

	error  shift 272
	T_SEMICOLON  shift 268
	.  error

	mais_par  goto 273


state 257
	corpo_p : error T_BEGIN . comandos T_END T_SEMICOLON  (66)

	error  shift 39
	T_BEGIN  shift 40
	T_READ  shift 41
	T_WRITE  shift 42
	T_WHILE  shift 43
	T_IF  shift 44
	T_ID  shift 45
	.  error

	comandos  goto 274
	cmd  goto 47


state 258
	corpo_p : dc_v error . comandos T_END T_SEMICOLON  (67)

	error  shift 39
	T_BEGIN  shift 40
	T_READ  shift 41
	T_WRITE  shift 42
	T_WHILE  shift 43
	T_IF  shift 44
	T_ID  shift 45
	.  error

	comandos  goto 275
	cmd  goto 47


state 259
	corpo_p : dc_v T_BEGIN . comandos T_END T_SEMICOLON  (65)
	corpo_p : dc_v T_BEGIN . error T_END T_SEMICOLON  (68)
	corpo_p : dc_v T_BEGIN . comandos error T_SEMICOLON  (69)
	corpo_p : dc_v T_BEGIN . comandos T_END error  (70)

	error  shift 276
	T_BEGIN  shift 40
	T_READ  shift 41
	T_WRITE  shift 42
	T_WHILE  shift 43
	T_IF  shift 44
	T_ID  shift 45
	.  error

	comandos  goto 277
	cmd  goto 47


state 260
	dc_p : error T_ID parametros T_SEMICOLON corpo_p dc_p .  (44)

	.  reduce 44


state 261
	dc_p : T_PROCEDURE error parametros T_SEMICOLON corpo_p dc_p .  (45)

	.  reduce 45


state 262
	dc_p : T_PROCEDURE T_ID error T_SEMICOLON corpo_p dc_p .  (46)

	.  reduce 46


state 263
	dc_p : T_PROCEDURE T_ID parametros error corpo_p dc_p .  (47)

	.  reduce 47


state 264
	dc_p : T_PROCEDURE T_ID parametros T_SEMICOLON error dc_p .  (48)

	.  reduce 48


265: reduce/reduce conflict (reduce 49, reduce 50) on error
265: reduce/reduce conflict (reduce 49, reduce 50) on T_BEGIN
state 265
	dc_p : error . T_ID parametros T_SEMICOLON corpo_p dc_p  (44)
	dc_p : T_PROCEDURE T_ID parametros T_SEMICOLON corpo_p error .  (49)
	dc_p : error .  (50)

	T_ID  shift 93
	error  reduce 49
	T_BEGIN  reduce 49


state 266
	dc_p : T_PROCEDURE T_ID parametros T_SEMICOLON corpo_p dc_p .  (43)

	.  reduce 43


267: shift/reduce conflict (shift 203, reduce 64) on error
state 267
	mais_par : error . lista_par  (63)
	mais_par : error .  (64)

	error  shift 203
	T_ID  shift 37
	T_R_PAREN  reduce 64

	variaveis  goto 204
	lista_par  goto 278


state 268
	mais_par : T_SEMICOLON . lista_par  (62)

	error  shift 203
	T_ID  shift 37
	.  error

	variaveis  goto 204
	lista_par  goto 279


state 269
	lista_par : error T_COLON tipo_var mais_par .  (57)

	.  reduce 57


state 270
	lista_par : variaveis error tipo_var mais_par .  (58)

	.  reduce 58


state 271
	lista_par : variaveis T_COLON error mais_par .  (59)

	.  reduce 59


272: shift/reduce conflict (shift 203, reduce 60) on error
272: shift/reduce conflict (shift 203, reduce 64) on error
272: reduce/reduce conflict (reduce 60, reduce 64) on T_R_PAREN
state 272
	lista_par : variaveis T_COLON tipo_var error .  (60)
	mais_par : error . lista_par  (63)
	mais_par : error .  (64)

	error  shift 203
	T_ID  shift 37
	T_R_PAREN  reduce 60

	variaveis  goto 204
	lista_par  goto 278


state 273
	lista_par : variaveis T_COLON tipo_var mais_par .  (56)

	.  reduce 56


state 274
	corpo_p : error T_BEGIN comandos . T_END T_SEMICOLON  (66)

	T_END  shift 280
	.  error


state 275
	corpo_p : dc_v error comandos . T_END T_SEMICOLON  (67)

	T_END  shift 281
	.  error


276: reduce/reduce conflict (reduce 92, reduce 100) on error
276: shift/reduce conflict (shift 282, reduce 92) on T_END
276: shift/reduce conflict (shift 70, reduce 100) on T_SEMICOLON
state 276
	corpo_p : dc_v T_BEGIN error . T_END T_SEMICOLON  (68)
	comandos : error . T_SEMICOLON comandos  (89)
	comandos : error .  (92)
	cmd : error .  (100)

	T_END  shift 282
	T_SEMICOLON  shift 70
	error  reduce 92


state 277
	corpo_p : dc_v T_BEGIN comandos . T_END T_SEMICOLON  (65)
	corpo_p : dc_v T_BEGIN comandos . error T_SEMICOLON  (69)
	corpo_p : dc_v T_BEGIN comandos . T_END error  (70)

	error  shift 283
	T_END  shift 284
	.  error


state 278
	mais_par : error lista_par .  (63)

	.  reduce 63


state 279
	mais_par : T_SEMICOLON lista_par .  (62)

	.  reduce 62


state 280
	corpo_p : error T_BEGIN comandos T_END . T_SEMICOLON  (66)

	T_SEMICOLON  shift 285
	.  error


state 281
	corpo_p : dc_v error comandos T_END . T_SEMICOLON  (67)

	T_SEMICOLON  shift 286
	.  error


state 282
	corpo_p : dc_v T_BEGIN error T_END . T_SEMICOLON  (68)

	T_SEMICOLON  shift 287
	.  error


state 283
	corpo_p : dc_v T_BEGIN comandos error . T_SEMICOLON  (69)

	T_SEMICOLON  shift 288
	.  error


state 284
	corpo_p : dc_v T_BEGIN comandos T_END . T_SEMICOLON  (65)
	corpo_p : dc_v T_BEGIN comandos T_END . error  (70)

	error  shift 289
	T_SEMICOLON  shift 290
	.  error


state 285
	corpo_p : error T_BEGIN comandos T_END T_SEMICOLON .  (66)

	.  reduce 66


state 286
	corpo_p : dc_v error comandos T_END T_SEMICOLON .  (67)

	.  reduce 67


state 287
	corpo_p : dc_v T_BEGIN error T_END T_SEMICOLON .  (68)

	.  reduce 68


state 288
	corpo_p : dc_v T_BEGIN comandos error T_SEMICOLON .  (69)

	.  reduce 69


state 289
	corpo_p : dc_v T_BEGIN comandos T_END error .  (70)

	.  reduce 70


state 290
	corpo_p : dc_v T_BEGIN comandos T_END T_SEMICOLON .  (65)

	.  reduce 65


State 7 contains 1 shift/reduce conflict.
State 8 contains 1 shift/reduce conflict.
State 9 contains 1 shift/reduce conflict.
State 10 contains 1 shift/reduce conflict.
State 11 contains 3 shift/reduce conflicts, 1 reduce/reduce conflict.
State 15 contains 1 shift/reduce conflict.
State 18 contains 5 shift/reduce conflicts, 1 reduce/reduce conflict.
State 30 contains 2 shift/reduce conflicts.
State 39 contains 1 shift/reduce conflict, 1 reduce/reduce conflict.
State 58 contains 1 shift/reduce conflict.
State 61 contains 2 shift/reduce conflicts, 1 reduce/reduce conflict.
State 64 contains 2 reduce/reduce conflicts.
State 75 contains 10 shift/reduce conflicts.
State 82 contains 1 shift/reduce conflict.
State 92 contains 1 shift/reduce conflict.
State 96 contains 1 shift/reduce conflict.
State 97 contains 1 shift/reduce conflict.
State 98 contains 1 shift/reduce conflict.
State 99 contains 1 shift/reduce conflict.
State 116 contains 2 shift/reduce conflicts.
State 135 contains 2 shift/reduce conflicts, 10 reduce/reduce conflicts.
State 137 contains 3 shift/reduce conflicts.
State 139 contains 1 shift/reduce conflict.
State 142 contains 4 shift/reduce conflicts.
State 144 contains 2 shift/reduce conflicts.
State 147 contains 1 shift/reduce conflict, 3 reduce/reduce conflicts.
State 151 contains 1 shift/reduce conflict.
State 159 contains 2 shift/reduce conflicts.
State 164 contains 3 reduce/reduce conflicts.
State 166 contains 1 shift/reduce conflict.
State 170 contains 1 shift/reduce conflict.
State 174 contains 3 shift/reduce conflicts.
State 176 contains 1 reduce/reduce conflict.
State 184 contains 3 shift/reduce conflicts, 2 reduce/reduce conflicts.
State 187 contains 4 reduce/reduce conflicts.
State 189 contains 1 shift/reduce conflict.
State 192 contains 2 shift/reduce conflicts, 1 reduce/reduce conflict.
State 198 contains 1 shift/reduce conflict.
State 199 contains 1 shift/reduce conflict.
State 200 contains 1 shift/reduce conflict.
State 201 contains 1 shift/reduce conflict.
State 202 contains 1 shift/reduce conflict.
State 206 contains 1 shift/reduce conflict.
State 208 contains 1 shift/reduce conflict.
State 209 contains 1 shift/reduce conflict.
State 210 contains 1 shift/reduce conflict.
State 211 contains 1 shift/reduce conflict.
State 212 contains 1 shift/reduce conflict.
State 215 contains 1 shift/reduce conflict.
State 219 contains 2 shift/reduce conflicts, 10 reduce/reduce conflicts.
State 222 contains 1 shift/reduce conflict.
State 231 contains 3 reduce/reduce conflicts.
State 240 contains 1 shift/reduce conflict, 1 reduce/reduce conflict.
State 246 contains 4 shift/reduce conflicts.
State 251 contains 3 reduce/reduce conflicts.
State 255 contains 2 shift/reduce conflicts.
State 265 contains 2 reduce/reduce conflicts.
State 267 contains 1 shift/reduce conflict.
State 272 contains 2 shift/reduce conflicts, 1 reduce/reduce conflict.
State 276 contains 2 shift/reduce conflicts, 1 reduce/reduce conflict.


45 terminals, 31 nonterminals
141 grammar rules, 291 states
